<?xml version="1.0" encoding="UTF-8"?>
<testng-results ignored="0" total="1" passed="1" failed="0" skipped="0">
  <reporter-output>
  </reporter-output>
  <suite started-at="2020-02-15T10:30:31 IST" name="Suite" finished-at="2020-02-15T10:30:52 IST" duration-ms="20934">
    <groups>
    </groups>
    <test started-at="2020-02-15T10:30:31 IST" name="Test" finished-at="2020-02-15T10:30:52 IST" duration-ms="20934">
      <class name="TestJenkins.TestJenkins.TestBrowser">
        <test-method signature="TestBrowserLaunch()[pri:0, instance:TestJenkins.TestJenkins.TestBrowser@62230c58]" started-at="2020-02-15T10:30:31 IST" name="TestBrowserLaunch" finished-at="2020-02-15T10:30:52 IST" duration-ms="20853" status="PASS">
          <reporter-output>
          </reporter-output>
        </test-method> <!-- TestBrowserLaunch -->
      </class> <!-- TestJenkins.TestJenkins.TestBrowser -->
    </test> <!-- Test -->
  </suite> <!-- Suite -->
</testng-results>
